#
# There is insufficient memory for the Java Runtime Environment to continue.
# Native memory allocation (mmap) failed to map 268435456 bytes for G1 virtual space
# Possible reasons:
#   The system is out of physical RAM or swap space
#   The process is running with CompressedOops enabled, and the Java Heap may be blocking the growth of the native heap
# Possible solutions:
#   Reduce memory load on the system
#   Increase physical memory or swap space
#   Check if swap backing store is full
#   Decrease Java heap size (-Xmx/-Xms)
#   Decrease number of Java threads
#   Decrease Java thread stack sizes (-Xss)
#   Set larger code cache with -XX:ReservedCodeCacheSize=
#   JVM is running with Zero Based Compressed Oops mode in which the Java heap is
#     placed in the first 32GB address space. The Java Heap base address is the
#     maximum limit for the native heap growth. Please use -XX:HeapBaseMinAddress
#     to set the Java Heap base and to place the Java Heap above 32GB virtual address.
# This output file may be truncated or incomplete.
#
#  Out of Memory Error (os_windows.cpp:3532), pid=6528, tid=21020
#
# JRE version:  (17.0.2+8) (build )
# Java VM: OpenJDK 64-Bit Server VM (17.0.2+8-86, mixed mode, emulated-client, sharing, tiered, compressed oops, compressed class ptrs, g1 gc, windows-amd64)
# No core dump will be written. Minidumps are not enabled by default on client versions of Windows
#

---------------  S U M M A R Y ------------

Command Line: -XX:TieredStopAtLevel=1 -Xverify:none -Dspring.output.ansi.enabled=always -Dcom.sun.management.jmxremote -Dspring.jmx.enabled=true -Dspring.liveBeansView.mbeanDomain -Dspring.application.admin.enabled=true -javaagent:C:\Program Files\JetBrains\IntelliJ IDEA 2021.3.2\lib\idea_rt.jar=61386:C:\Program Files\JetBrains\IntelliJ IDEA 2021.3.2\bin -Dfile.encoding=UTF-8 com.example.lab4.Lab4Application

Host: Intel(R) Core(TM) i7-9700 CPU @ 3.00GHz, 8 cores, 15G,  Windows 10 , 64 bit Build 19041 (10.0.19041.1503)
Time: Thu Mar  3 09:32:30 2022 Eastern Standard Time elapsed time: 0.009479 seconds (0d 0h 0m 0s)

---------------  T H R E A D  ---------------

Current thread (0x000001fec30dbc50):  JavaThread "Unknown thread" [_thread_in_vm, id=21020, stack(0x0000007d6f200000,0x0000007d6f300000)]

Stack: [0x0000007d6f200000,0x0000007d6f300000]
Native frames: (J=compiled Java code, j=interpreted, Vv=VM code, C=native code)
V  [jvm.dll+0x670baa]
V  [jvm.dll+0x7cfcb4]
V  [jvm.dll+0x7d145e]
V  [jvm.dll+0x7d1ac3]
V  [jvm.dll+0x242bc5]
V  [jvm.dll+0x66dac9]
V  [jvm.dll+0x662412]
V  [jvm.dll+0x300c0b]
V  [jvm.dll+0x3081a6]
V  [jvm.dll+0x357d0e]
V  [jvm.dll+0x357f3f]
V  [jvm.dll+0x2d7ec8]
V  [jvm.dll+0x2d8e34]
V  [jvm.dll+0x7a18c1]
V  [jvm.dll+0x365a91]
V  [jvm.dll+0x780d2c]
V  [jvm.dll+0x3e845f]
V  [jvm.dll+0x3e9f01]
C  [jli.dll+0x527b]
C  [ucrtbase.dll+0x21bb2]
C  [KERNEL32.DLL+0x17034]
C  [ntdll.dll+0x52651]


---------------  P R O C E S S  ---------------

Threads class SMR info:
_java_thread_list=0x00007ffde2279858, length=0, elements={
}

Java Threads: ( => current thread )

Other Threads:
  0x000001fec312cf80 GCTaskThread "GC Thread#0" [stack: 0x0000007d6f300000,0x0000007d6f400000] [id=7460]
  0x000001fec313eca0 ConcurrentGCThread "G1 Main Marker" [stack: 0x0000007d6f400000,0x0000007d6f500000] [id=25356]
  0x000001fec3140d70 ConcurrentGCThread "G1 Conc#0" [stack: 0x0000007d6f500000,0x0000007d6f600000] [id=27916]

[error occurred during error reporting (printing all threads), id 0xc0000005, EXCEPTION_ACCESS_VIOLATION (0xc0000005) at pc=0x00007ffde1ac88a7]

VM state: not at safepoint (not fully initialized)

VM Mutex/Monitor currently owned by a thread:  ([mutex/lock_event])
[0x000001fec30d8770] Heap_lock - owner thread: 0x000001fec30dbc50

Heap address: 0x0000000701400000, size: 4076 MB, Compressed Oops mode: Zero based, Oop shift amount: 3

CDS archive(s) mapped at: [0x0000000000000000-0x0000000000000000-0x0000000000000000), size 0, SharedBaseAddress: 0x0000000800000000, ArchiveRelocationMode: 0.
Narrow klass base: 0x0000000000000000, Narrow klass shift: 0, Narrow klass range: 0x0

GC Precious Log:
<Empty>

Heap:
 garbage-first heap   total 0K, used 0K [0x0000000701400000, 0x0000000800000000)
  region size 2048K, 0 young (0K), 0 survivors (0K)

[error occurred during error reporting (printing heap information), id 0xc0000005, EXCEPTION_ACCESS_VIOLATION (0xc0000005) at pc=0x00007ffde1ea9f19]

GC Heap History (0 events):
No events

Deoptimization events (0 events):
No events

Classes unloaded (0 events):
No events

Classes redefined (0 events):
No events

Internal exceptions (0 events):
No events

VM Operations (0 events):
No events

Events (1 events):
Event: 0.006 Loaded shared library C:\Users\campd\.jdks\openjdk-17.0.2\bin\java.dll


Dynamic libraries:
0x00007ff71fa20000 - 0x00007ff71fa2e000 	C:\Users\campd\.jdks\openjdk-17.0.2\bin\java.exe
0x00007ffe28590000 - 0x00007ffe28785000 	C:\WINDOWS\SYSTEM32\ntdll.dll
0x00007ffe27570000 - 0x00007ffe2762e000 	C:\WINDOWS\System32\KERNEL32.DLL
0x00007ffe25cd0000 - 0x00007ffe25f98000 	C:\WINDOWS\System32\KERNELBASE.dll
0x00007ffe25fa0000 - 0x00007ffe260a0000 	C:\WINDOWS\System32\ucrtbase.dll
0x00007ffe20f90000 - 0x00007ffe20faa000 	C:\Users\campd\.jdks\openjdk-17.0.2\bin\VCRUNTIME140.dll
0x00007ffe20e80000 - 0x00007ffe20e98000 	C:\Users\campd\.jdks\openjdk-17.0.2\bin\jli.dll
0x00007ffe277f0000 - 0x00007ffe27990000 	C:\WINDOWS\System32\USER32.dll
0x00007ffe263f0000 - 0x00007ffe26412000 	C:\WINDOWS\System32\win32u.dll
0x00007ffe13810000 - 0x00007ffe13aaa000 	C:\WINDOWS\WinSxS\amd64_microsoft.windows.common-controls_6595b64144ccf1df_6.0.19041.1110_none_60b5254171f9507e\COMCTL32.dll
0x00007ffe27140000 - 0x00007ffe2716b000 	C:\WINDOWS\System32\GDI32.dll
0x00007ffe26d90000 - 0x00007ffe26e2e000 	C:\WINDOWS\System32\msvcrt.dll
0x00007ffe26420000 - 0x00007ffe2652d000 	C:\WINDOWS\System32\gdi32full.dll
0x00007ffe26270000 - 0x00007ffe2630d000 	C:\WINDOWS\System32\msvcp_win.dll
0x00007ffe26f10000 - 0x00007ffe26f40000 	C:\WINDOWS\System32\IMM32.DLL
0x00007ffe21930000 - 0x00007ffe2193c000 	C:\Users\campd\.jdks\openjdk-17.0.2\bin\vcruntime140_1.dll
0x00007ffe13450000 - 0x00007ffe134dd000 	C:\Users\campd\.jdks\openjdk-17.0.2\bin\msvcp140.dll
0x00007ffde17e0000 - 0x00007ffde23a1000 	C:\Users\campd\.jdks\openjdk-17.0.2\bin\server\jvm.dll
0x00007ffe27650000 - 0x00007ffe276fe000 	C:\WINDOWS\System32\ADVAPI32.dll
0x00007ffe274d0000 - 0x00007ffe2756c000 	C:\WINDOWS\System32\sechost.dll
0x00007ffe26670000 - 0x00007ffe26795000 	C:\WINDOWS\System32\RPCRT4.dll
0x00007ffe26e30000 - 0x00007ffe26e38000 	C:\WINDOWS\System32\PSAPI.DLL
0x00007ffe15ce0000 - 0x00007ffe15ce9000 	C:\WINDOWS\SYSTEM32\WSOCK32.dll
0x00007ffe17700000 - 0x00007ffe17727000 	C:\WINDOWS\SYSTEM32\WINMM.dll
0x00007ffe1fbb0000 - 0x00007ffe1fbba000 	C:\WINDOWS\SYSTEM32\VERSION.dll
0x00007ffe26ea0000 - 0x00007ffe26f0b000 	C:\WINDOWS\System32\WS2_32.dll
0x00007ffe23a80000 - 0x00007ffe23a92000 	C:\WINDOWS\SYSTEM32\kernel.appcore.dll
0x00007ffe21780000 - 0x00007ffe2178a000 	C:\Users\campd\.jdks\openjdk-17.0.2\bin\jimage.dll
0x00007ffe1e5d0000 - 0x00007ffe1e7b4000 	C:\WINDOWS\SYSTEM32\DBGHELP.DLL
0x00007ffe1e270000 - 0x00007ffe1e29c000 	C:\WINDOWS\SYSTEM32\dbgcore.DLL
0x00007ffe26360000 - 0x00007ffe263e2000 	C:\WINDOWS\System32\bcryptPrimitives.dll
0x00007ffe19900000 - 0x00007ffe1990e000 	C:\Users\campd\.jdks\openjdk-17.0.2\bin\instrument.dll
0x00007ffe13420000 - 0x00007ffe13445000 	C:\Users\campd\.jdks\openjdk-17.0.2\bin\java.dll

dbghelp: loaded successfully - version: 4.0.5 - missing functions: none
symbol engine: initialized successfully - sym options: 0x614 - pdb path: .;C:\Users\campd\.jdks\openjdk-17.0.2\bin;C:\WINDOWS\SYSTEM32;C:\WINDOWS\WinSxS\amd64_microsoft.windows.common-controls_6595b64144ccf1df_6.0.19041.1110_none_60b5254171f9507e;C:\Users\campd\.jdks\openjdk-17.0.2\bin\server

VM Arguments:
jvm_args: -XX:TieredStopAtLevel=1 -Xverify:none -Dspring.output.ansi.enabled=always -Dcom.sun.management.jmxremote -Dspring.jmx.enabled=true -Dspring.liveBeansView.mbeanDomain -Dspring.application.admin.enabled=true -javaagent:C:\Program Files\JetBrains\IntelliJ IDEA 2021.3.2\lib\idea_rt.jar=61386:C:\Program Files\JetBrains\IntelliJ IDEA 2021.3.2\bin -Dfile.encoding=UTF-8 
java_command: com.example.lab4.Lab4Application
java_class_path (initial): C:\Users\campd\Desktop\School\SYSC 4806\lab6\target\classes;C:\Users\campd\.m2\repository\org\springframework\boot\spring-boot-starter-data-jpa\2.6.3\spring-boot-starter-data-jpa-2.6.3.jar;C:\Users\campd\.m2\repository\org\springframework\boot\spring-boot-starter-aop\2.6.3\spring-boot-starter-aop-2.6.3.jar;C:\Users\campd\.m2\repository\org\springframework\spring-aop\5.3.15\spring-aop-5.3.15.jar;C:\Users\campd\.m2\repository\org\aspectj\aspectjweaver\1.9.7\aspectjweaver-1.9.7.jar;C:\Users\campd\.m2\repository\org\springframework\boot\spring-boot-starter-jdbc\2.6.3\spring-boot-starter-jdbc-2.6.3.jar;C:\Users\campd\.m2\repository\com\zaxxer\HikariCP\4.0.3\HikariCP-4.0.3.jar;C:\Users\campd\.m2\repository\org\springframework\spring-jdbc\5.3.15\spring-jdbc-5.3.15.jar;C:\Users\campd\.m2\repository\jakarta\transaction\jakarta.transaction-api\1.3.3\jakarta.transaction-api-1.3.3.jar;C:\Users\campd\.m2\repository\jakarta\persistence\jakarta.persistence-api\2.2.3\jakarta.persistence-api-2.2.3.jar;C:\Users\campd\.m2\repository\org\hibernate\hibernate-core\5.6.4.Final\hibernate-core-5.6.4.Final.jar;C:\Users\campd\.m2\repository\org\jboss\logging\jboss-logging\3.4.3.Final\jboss-logging-3.4.3.Final.jar;C:\Users\campd\.m2\repository\net\bytebuddy\byte-buddy\1.11.22\byte-buddy-1.11.22.jar;C:\Users\campd\.m2\repository\antlr\antlr\2.7.7\antlr-2.7.7.jar;C:\Users\campd\.m2\repository\org\jboss\jandex\2.4.2.Final\jandex-2.4.2.Final.jar;C:\Users\campd\.m2\repository\com\fasterxml\classmate\1.5.1\classmate-1.5.1.jar;C:\Users\campd\.m2\repository\org\hibernate\common\hibernate-commons-annotations\5.1.2.Final\hibernate-commons-annotations-5.1.2.Final.jar;C:\Users\campd\.m2\repository\org\glassfish\jaxb\jaxb-runtime\2.3.5\jaxb-runtime-2.3.5.jar;C:\Users\campd\.m2\repository\org\glassfish\jaxb\txw2\2.3.5\txw2-2.3.5.jar;C:\Users\campd\.m2\repository\com\sun\istack\istack-commons-runtime\3.0.12\istack-commons-runtime-3.0.12.jar;C:\Users\campd\.m2\repository\com\sun\a
Launcher Type: SUN_STANDARD

[Global flags]
     intx CICompilerCount                          = 4                                         {product} {ergonomic}
     uint ConcGCThreads                            = 2                                         {product} {ergonomic}
     uint G1ConcRefinementThreads                  = 8                                         {product} {ergonomic}
   size_t G1HeapRegionSize                         = 2097152                                   {product} {ergonomic}
    uintx GCDrainStackTargetSize                   = 64                                        {product} {ergonomic}
   size_t InitialHeapSize                          = 268435456                                 {product} {ergonomic}
     bool ManagementServer                         = true                                      {product} {command line}
   size_t MarkStackSize                            = 4194304                                   {product} {ergonomic}
   size_t MaxHeapSize                              = 4273995776                                {product} {ergonomic}
   size_t MinHeapDeltaBytes                        = 2097152                                   {product} {ergonomic}
   size_t MinHeapSize                              = 8388608                                   {product} {ergonomic}
    uintx NonProfiledCodeHeapSize                  = 0                                      {pd product} {ergonomic}
     bool ProfileInterpreter                       = false                                  {pd product} {command line}
    uintx ProfiledCodeHeapSize                     = 0                                      {pd product} {ergonomic}
   size_t SoftMaxHeapSize                          = 4273995776                             {manageable} {ergonomic}
     intx TieredStopAtLevel                        = 1                                         {product} {command line}
     bool UseCompressedClassPointers               = true                           {product lp64_product} {ergonomic}
     bool UseCompressedOops                        = true                           {product lp64_product} {ergonomic}
     bool UseG1GC                                  = true                                      {product} {ergonomic}
     bool UseLargePagesIndividualAllocation        = false                                  {pd product} {ergonomic}

Logging:
Log output configuration:
 #0: stdout all=warning uptime,level,tags
 #1: stderr all=off uptime,level,tags

Environment Variables:
JAVA_HOME=C:\Users\campd\.jdks\openjdk-17.0.2
PATH=C:\Python310\Scripts\;C:\Python310\;C:\Windows\system32;C:\Windows;C:\Windows\System32\Wbem;C:\Windows\System32\WindowsPowerShell\v1.0\;C:\Windows\System32\OpenSSH\;C:\Program Files (x86)\NVIDIA Corporation\PhysX\Common;C:\Program Files\NVIDIA Corporation\NVIDIA NvDLISR;C:\Program Files\Intel\WiFi\bin\;C:\Program Files\Common Files\Intel\WirelessCommon\;C:\Program Files\PuTTY\;C:\Program Files\Git\cmd;C:\WINDOWS\system32;C:\WINDOWS;C:\WINDOWS\System32\Wbem;C:\WINDOWS\System32\WindowsPowerShell\v1.0\;C:\WINDOWS\System32\OpenSSH\;C:\Program Files (x86)\NuSMV-2.6.0-win64\bin;C:\Program Files\dotnet\;C:\Program Files\nodejs\;C:\ProgramData\chocolatey\bin;C:\Program Files\Docker\Docker\resources\bin;C:\ProgramData\DockerDesktop\version-bin;C:\Users\campd\AppData\Local\Programs\Python\Python38-32\Scripts\;C:\Users\campd\AppData\Local\Programs\Python\Python38-32\;C:\Users\campd\AppData\Local\Microsoft\WindowsApps;C:\Users\campd\AppData\Local\Programs\Microsoft VS Code\bin;C:\Program Files (x86)\NuSMV-2.6.0-win64\bin;C:\Users\campd\Desktop\flutter\bin;C:\Users\campd\AppData\Roaming\npm;C:\Program Files\JetBrains\IntelliJ IDEA Community Edition 2021.3.1\bin;;C:\Program Files\JetBrains\IntelliJ IDEA 2021.3.2\bin;;C:\Users\campd\.jdks\openjdk-17.0.2\bin;
USERNAME=campd
OS=Windows_NT
PROCESSOR_IDENTIFIER=Intel64 Family 6 Model 158 Stepping 13, GenuineIntel



---------------  S Y S T E M  ---------------

OS:
 Windows 10 , 64 bit Build 19041 (10.0.19041.1503)
OS uptime: 19 days 16:38 hours
Hyper-V role detected

CPU: total 8 (initial active 8) (8 cores per cpu, 1 threads per core) family 6 model 158 stepping 13 microcode 0xb8, cx8, cmov, fxsr, mmx, 3dnowpref, sse, sse2, sse3, ssse3, sse4.1, sse4.2, popcnt, lzcnt, tsc, tscinvbit, avx, avx2, erms, clmul, bmi1, bmi2, rtm, adx, fma, vzeroupper, clflush, clflushopt, hv

Memory: 4k page, system-wide physical 16299M (6594M free)
TotalPageFile size 65451M (AvailPageFile size 206M)
current process WorkingSet (physical memory assigned to process): 10M, peak: 10M
current process commit charge ("private bytes"): 55M, peak: 311M

vm_info: OpenJDK 64-Bit Server VM (17.0.2+8-86) for windows-amd64 JRE (17.0.2+8-86), built on Dec  7 2021 21:49:10 by "mach5one" with MS VC++ 16.8 / 16.9 (VS2019)

END.
